2016-03-15 00:30:04 +0300: starting 'Results'
1. Bundesliga 2015/16: 0 (0)
Premier League 2015/16: 0 (0)
Primera Division 2015/16: 0 (0)
Serie A 2015/16: 0 (0)
2016-03-15 00:30:05 +0300: completed
----------
2016-03-15 01:00:04 +0300: starting 'Results'
1. Bundesliga 2015/16: 0 (0)
Premier League 2015/16: 0 (0)
Primera Division 2015/16: 0 (0)
Serie A 2015/16: 0 (0)
2016-03-15 01:00:05 +0300: completed
----------
2016-03-15 01:30:04 +0300: starting 'Results'
1. Bundesliga 2015/16: 0 (0)
Premier League 2015/16: 0 (0)
Primera Division 2015/16: 0 (0)
Serie A 2015/16: 0 (0)
2016-03-15 01:30:05 +0300: completed
----------
2016-03-15 02:00:04 +0300: starting 'Results'
1. Bundesliga 2015/16: 0 (0)
Premier League 2015/16: 0 (0)
Primera Division 2015/16: 0 (0)
Serie A 2015/16: 0 (0)
2016-03-15 02:00:06 +0300: completed
----------
2016-03-15 09:00:05 +0300: starting 'Results'
1. Bundesliga 2015/16: 0 (0)
Premier League 2015/16: 0 (0)
Primera Division 2015/16: 0 (0)
Serie A 2015/16: 0 (0)
2016-03-15 09:00:07 +0300: completed
----------
2016-03-15 09:30:04 +0300: starting 'Results'
1. Bundesliga 2015/16: 0 (0)
Premier League 2015/16: 1 (1)
Primera Division 2015/16: 1 (0)
Serie A 2015/16: 0 (0)
2016-03-15 09:30:05 +0300: completed
----------
2016-03-15 10:00:04 +0300: starting 'Results'
1. Bundesliga 2015/16: 0 (0)
Premier League 2015/16: 0 (0)
Primera Division 2015/16: 0 (0)
Serie A 2015/16: 0 (0)
2016-03-15 10:00:06 +0300: completed
----------
2016-03-15 10:30:05 +0300: starting 'Results'
1. Bundesliga 2015/16: 0 (0)
Premier League 2015/16: 0 (0)
Primera Division 2015/16: 0 (0)
Serie A 2015/16: 0 (0)
2016-03-15 10:30:06 +0300: completed
----------
2016-03-15 11:00:05 +0300: starting 'Results'
1. Bundesliga 2015/16: 0 (0)
Premier League 2015/16: 0 (0)
Primera Division 2015/16: 0 (0)
Serie A 2015/16: 0 (0)
2016-03-15 11:00:06 +0300: completed
----------
2016-03-15 11:15:05 +0300: starting 'Scheduled games'
1. Bundesliga 2015/16: 0
Premier League 2015/16: 0
Primera Division 2015/16: 0
Serie A 2015/16: 0
2016-03-15 11:15:05 +0300: completed
----------
2016-03-15 11:30:03 +0300: starting 'Results'
1. Bundesliga 2015/16: 0 (0)
Premier League 2015/16: 0 (0)
Primera Division 2015/16: 0 (0)
Serie A 2015/16: 0 (0)
2016-03-15 11:30:04 +0300: completed
----------
2016-03-15 12:00:04 +0300: starting 'Results'
1. Bundesliga 2015/16: 0 (0)
Premier League 2015/16: 0 (0)
Primera Division 2015/16: 0 (0)
Serie A 2015/16: 0 (0)
2016-03-15 12:00:05 +0300: completed
----------
2016-03-15 12:30:04 +0300: starting 'Results'
1. Bundesliga 2015/16: 0 (0)
Premier League 2015/16: 0 (0)
Primera Division 2015/16: 0 (0)
Serie A 2015/16: 0 (0)
2016-03-15 12:30:05 +0300: completed
----------
2016-03-15 13:00:04 +0300: starting 'Results'
1. Bundesliga 2015/16: 0 (0)
Premier League 2015/16: 0 (0)
Primera Division 2015/16: 0 (0)
Serie A 2015/16: 0 (0)
2016-03-15 13:00:05 +0300: completed
----------
2016-03-15 13:30:03 +0300: starting 'Results'
1. Bundesliga 2015/16: 0 (0)
Premier League 2015/16: 0 (0)
Primera Division 2015/16: 0 (0)
Serie A 2015/16: 0 (0)
2016-03-15 13:30:04 +0300: completed
----------
2016-03-15 14:00:05 +0300: starting 'Results'
1. Bundesliga 2015/16: 0 (0)
Premier League 2015/16: 0 (0)
Primera Division 2015/16: 0 (0)
Serie A 2015/16: 0 (0)
2016-03-15 14:00:06 +0300: completed
----------
2016-03-15 14:30:04 +0300: starting 'Results'
1. Bundesliga 2015/16: 0 (0)
Premier League 2015/16: 0 (0)
Primera Division 2015/16: 0 (0)
Serie A 2015/16: 0 (0)
2016-03-15 14:30:06 +0300: completed
----------
2016-03-15 15:00:04 +0300: starting 'Results'
1. Bundesliga 2015/16: 0 (0)
Premier League 2015/16: 0 (0)
Primera Division 2015/16: 0 (0)
Serie A 2015/16: 0 (0)
2016-03-15 15:00:05 +0300: completed
----------
2016-03-15 15:30:04 +0300: starting 'Results'
1. Bundesliga 2015/16: 0 (0)
Premier League 2015/16: 0 (0)
Primera Division 2015/16: 0 (0)
Serie A 2015/16: 0 (0)
2016-03-15 15:30:09 +0300: completed
----------
2016-03-15 16:00:04 +0300: starting 'Results'
1. Bundesliga 2015/16: 0 (0)
Premier League 2015/16: 0 (0)
Primera Division 2015/16: 0 (0)
Serie A 2015/16: 0 (0)
2016-03-15 16:00:05 +0300: completed
----------
2016-03-15 16:30:04 +0300: starting 'Results'
1. Bundesliga 2015/16: 0 (0)
Premier League 2015/16: 0 (0)
Primera Division 2015/16: 0 (0)
Serie A 2015/16: 0 (0)
2016-03-15 16:30:05 +0300: completed
----------
2016-03-15 17:00:07 +0300: starting 'Results'
1. Bundesliga 2015/16: 0 (0)
Premier League 2015/16: 0 (0)
Primera Division 2015/16: 0 (0)
Serie A 2015/16: 0 (0)
2016-03-15 17:00:09 +0300: completed
----------
2016-03-15 17:30:04 +0300: starting 'Results'
1. Bundesliga 2015/16: 0 (0)
Premier League 2015/16: 0 (0)
Primera Division 2015/16: 0 (0)
Serie A 2015/16: 0 (0)
2016-03-15 17:30:05 +0300: completed
----------
rake aborted!
OpenURI::HTTPError: 429 
/Users/mex/learn-co/labs/sinatra-final-project/app/lib/data_getter_from_api.rb:32:in `get_supported_leagues'
/Users/mex/learn-co/labs/sinatra-final-project/app/lib/data_getter_from_api.rb:147:in `load_results'
/Users/mex/learn-co/labs/sinatra-final-project/Rakefile:27:in `block (2 levels) in <top (required)>'
Tasks: TOP => load_from_api:results
(See full trace by running task with --trace)
2016-03-15 18:00:04 +0300: starting 'Results'
rake aborted!
OpenURI::HTTPError: 429 
/Users/mex/learn-co/labs/sinatra-final-project/app/lib/data_getter_from_api.rb:32:in `get_supported_leagues'
/Users/mex/learn-co/labs/sinatra-final-project/app/lib/data_getter_from_api.rb:147:in `load_results'
/Users/mex/learn-co/labs/sinatra-final-project/Rakefile:27:in `block (2 levels) in <top (required)>'
Tasks: TOP => load_from_api:results
(See full trace by running task with --trace)
2016-03-15 18:30:04 +0300: starting 'Results'
rake aborted!
OpenURI::HTTPError: 429 
/Users/mex/learn-co/labs/sinatra-final-project/app/lib/data_getter_from_api.rb:32:in `get_supported_leagues'
/Users/mex/learn-co/labs/sinatra-final-project/app/lib/data_getter_from_api.rb:147:in `load_results'
/Users/mex/learn-co/labs/sinatra-final-project/Rakefile:27:in `block (2 levels) in <top (required)>'
Tasks: TOP => load_from_api:results
(See full trace by running task with --trace)
2016-03-15 19:00:04 +0300: starting 'Results'
rake aborted!
OpenURI::HTTPError: 429 
/Users/mex/learn-co/labs/sinatra-final-project/app/lib/data_getter_from_api.rb:32:in `get_supported_leagues'
/Users/mex/learn-co/labs/sinatra-final-project/app/lib/data_getter_from_api.rb:147:in `load_results'
/Users/mex/learn-co/labs/sinatra-final-project/Rakefile:27:in `block (2 levels) in <top (required)>'
Tasks: TOP => load_from_api:results
(See full trace by running task with --trace)
2016-03-15 19:30:04 +0300: starting 'Results'
rake aborted!
OpenURI::HTTPError: 429 
/Users/mex/learn-co/labs/sinatra-final-project/app/lib/data_getter_from_api.rb:32:in `get_supported_leagues'
/Users/mex/learn-co/labs/sinatra-final-project/app/lib/data_getter_from_api.rb:147:in `load_results'
/Users/mex/learn-co/labs/sinatra-final-project/Rakefile:27:in `block (2 levels) in <top (required)>'
Tasks: TOP => load_from_api:results
(See full trace by running task with --trace)
2016-03-15 20:00:04 +0300: starting 'Results'
rake aborted!
OpenURI::HTTPError: 429 
/Users/mex/learn-co/labs/sinatra-final-project/app/lib/data_getter_from_api.rb:32:in `get_supported_leagues'
/Users/mex/learn-co/labs/sinatra-final-project/app/lib/data_getter_from_api.rb:147:in `load_results'
/Users/mex/learn-co/labs/sinatra-final-project/Rakefile:27:in `block (2 levels) in <top (required)>'
Tasks: TOP => load_from_api:results
(See full trace by running task with --trace)
2016-03-15 20:30:05 +0300: starting 'Results'
rake aborted!
OpenURI::HTTPError: 429 
/Users/mex/learn-co/labs/sinatra-final-project/app/lib/data_getter_from_api.rb:32:in `get_supported_leagues'
/Users/mex/learn-co/labs/sinatra-final-project/app/lib/data_getter_from_api.rb:147:in `load_results'
/Users/mex/learn-co/labs/sinatra-final-project/Rakefile:27:in `block (2 levels) in <top (required)>'
Tasks: TOP => load_from_api:results
(See full trace by running task with --trace)
2016-03-15 23:00:05 +0300: starting 'Results'
rake aborted!
OpenURI::HTTPError: 429 
/Users/mex/learn-co/labs/sinatra-final-project/app/lib/data_getter_from_api.rb:32:in `get_supported_leagues'
/Users/mex/learn-co/labs/sinatra-final-project/app/lib/data_getter_from_api.rb:147:in `load_results'
/Users/mex/learn-co/labs/sinatra-final-project/Rakefile:27:in `block (2 levels) in <top (required)>'
Tasks: TOP => load_from_api:results
(See full trace by running task with --trace)
2016-03-15 23:30:04 +0300: starting 'Results'
