1. Bundesliga 2015/16: 2 (0)
Premier League 2015/16: 5 (0)
Primera Division 2015/16: 2 (0)
Serie A 2015/16: 2 (0)
1. Bundesliga 2015/16: 0
Premier League 2015/16: 0
Primera Division 2015/16: 0
Serie A 2015/16: 0
Scheduled games:
1. Bundesliga 2015/16: 0
Premier League 2015/16: 0
Primera Division 2015/16: 0
Serie A 2015/16: 0
2016-03-02 11:30:04 +0300: starting 'Results'
1. Bundesliga 2015/16: 0 (0)
Premier League 2015/16: 0 (0)
Primera Division 2015/16: 0 (0)
Serie A 2015/16: 0 (0)
2016-03-02 11:30:05 +0300: completed
----------
2016-03-02 12:00:04 +0300: starting 'Results'
1. Bundesliga 2015/16: 0 (0)
Premier League 2015/16: 0 (0)
Primera Division 2015/16: 0 (0)
Serie A 2015/16: 0 (0)
2016-03-02 12:00:06 +0300: completed
----------
2016-03-02 12:30:04 +0300: starting 'Results'
1. Bundesliga 2015/16: 0 (0)
Premier League 2015/16: 0 (0)
Primera Division 2015/16: 0 (0)
Serie A 2015/16: 0 (0)
2016-03-02 12:30:05 +0300: completed
----------
