rake aborted!
OpenURI::HTTPError: 429 
/Users/mex/learn-co/labs/sinatra-final-project/app/lib/data_getter_from_api.rb:32:in `get_supported_leagues'
/Users/mex/learn-co/labs/sinatra-final-project/app/lib/data_getter_from_api.rb:147:in `load_results'
/Users/mex/learn-co/labs/sinatra-final-project/Rakefile:27:in `block (2 levels) in <top (required)>'
Tasks: TOP => load_from_api:results
(See full trace by running task with --trace)
2016-03-11 00:30:04 +0300: starting 'Results'
2016-03-11 09:30:08 +0300: starting 'Results'
1. Bundesliga 2015/16: 0 (0)
Premier League 2015/16: 0 (0)
Primera Division 2015/16: 0 (0)
Serie A 2015/16: 0 (0)
2016-03-11 09:30:09 +0300: completed
----------
rake aborted!
Errno::ETIMEDOUT: Operation timed out - connect(2) for "api.football-data.org" port 80
/Users/mex/learn-co/labs/sinatra-final-project/app/lib/data_getter_from_api.rb:32:in `get_supported_leagues'
/Users/mex/learn-co/labs/sinatra-final-project/app/lib/data_getter_from_api.rb:147:in `load_results'
/Users/mex/learn-co/labs/sinatra-final-project/Rakefile:27:in `block (2 levels) in <top (required)>'
Tasks: TOP => load_from_api:results
(See full trace by running task with --trace)
2016-03-11 10:00:04 +0300: starting 'Results'
rake aborted!
Errno::ETIMEDOUT: Operation timed out - connect(2) for "api.football-data.org" port 80
/Users/mex/learn-co/labs/sinatra-final-project/app/lib/data_getter_from_api.rb:32:in `get_supported_leagues'
/Users/mex/learn-co/labs/sinatra-final-project/app/lib/data_getter_from_api.rb:147:in `load_results'
/Users/mex/learn-co/labs/sinatra-final-project/Rakefile:27:in `block (2 levels) in <top (required)>'
Tasks: TOP => load_from_api:results
(See full trace by running task with --trace)
2016-03-11 10:30:04 +0300: starting 'Results'
rake aborted!
Errno::ETIMEDOUT: Operation timed out - connect(2) for "api.football-data.org" port 80
/Users/mex/learn-co/labs/sinatra-final-project/app/lib/data_getter_from_api.rb:32:in `get_supported_leagues'
/Users/mex/learn-co/labs/sinatra-final-project/app/lib/data_getter_from_api.rb:147:in `load_results'
/Users/mex/learn-co/labs/sinatra-final-project/Rakefile:27:in `block (2 levels) in <top (required)>'
Tasks: TOP => load_from_api:results
(See full trace by running task with --trace)
2016-03-11 11:00:04 +0300: starting 'Results'
rake aborted!
Errno::ETIMEDOUT: Operation timed out - connect(2) for "api.football-data.org" port 80
/Users/mex/learn-co/labs/sinatra-final-project/app/lib/data_getter_from_api.rb:32:in `get_supported_leagues'
/Users/mex/learn-co/labs/sinatra-final-project/app/lib/data_getter_from_api.rb:137:in `load_scheduled_games'
/Users/mex/learn-co/labs/sinatra-final-project/Rakefile:22:in `block (2 levels) in <top (required)>'
Tasks: TOP => load_from_api:scheduled_games
(See full trace by running task with --trace)
2016-03-11 11:15:04 +0300: starting 'Scheduled games'
rake aborted!
Errno::ETIMEDOUT: Operation timed out - connect(2) for "api.football-data.org" port 80
/Users/mex/learn-co/labs/sinatra-final-project/app/lib/data_getter_from_api.rb:32:in `get_supported_leagues'
/Users/mex/learn-co/labs/sinatra-final-project/app/lib/data_getter_from_api.rb:147:in `load_results'
/Users/mex/learn-co/labs/sinatra-final-project/Rakefile:27:in `block (2 levels) in <top (required)>'
Tasks: TOP => load_from_api:results
(See full trace by running task with --trace)
2016-03-11 11:30:04 +0300: starting 'Results'
2016-03-11 12:00:04 +0300: starting 'Results'
1. Bundesliga 2015/16: 0 (0)
Premier League 2015/16: 0 (0)
Primera Division 2015/16: 0 (0)
Serie A 2015/16: 0 (0)
2016-03-11 12:00:06 +0300: completed
----------
2016-03-11 12:30:04 +0300: starting 'Results'
1. Bundesliga 2015/16: 0 (0)
Premier League 2015/16: 0 (0)
Primera Division 2015/16: 0 (0)
Serie A 2015/16: 0 (0)
2016-03-11 12:30:05 +0300: completed
----------
2016-03-11 13:00:04 +0300: starting 'Results'
1. Bundesliga 2015/16: 0 (0)
Premier League 2015/16: 0 (0)
Primera Division 2015/16: 0 (0)
Serie A 2015/16: 0 (0)
2016-03-11 13:00:05 +0300: completed
----------
2016-03-11 13:30:04 +0300: starting 'Results'
1. Bundesliga 2015/16: 0 (0)
Premier League 2015/16: 0 (0)
Primera Division 2015/16: 0 (0)
Serie A 2015/16: 0 (0)
2016-03-11 13:30:05 +0300: completed
----------
2016-03-11 14:00:05 +0300: starting 'Results'
1. Bundesliga 2015/16: 0 (0)
Premier League 2015/16: 0 (0)
Primera Division 2015/16: 0 (0)
Serie A 2015/16: 0 (0)
2016-03-11 14:00:06 +0300: completed
----------
2016-03-11 14:30:04 +0300: starting 'Results'
1. Bundesliga 2015/16: 0 (0)
Premier League 2015/16: 0 (0)
Primera Division 2015/16: 0 (0)
Serie A 2015/16: 0 (0)
2016-03-11 14:30:05 +0300: completed
----------
2016-03-11 15:00:05 +0300: starting 'Results'
1. Bundesliga 2015/16: 0 (0)
Premier League 2015/16: 0 (0)
Primera Division 2015/16: 0 (0)
Serie A 2015/16: 0 (0)
2016-03-11 15:00:06 +0300: completed
----------
2016-03-11 15:30:04 +0300: starting 'Results'
1. Bundesliga 2015/16: 0 (0)
Premier League 2015/16: 0 (0)
Primera Division 2015/16: 0 (0)
Serie A 2015/16: 0 (0)
2016-03-11 15:30:05 +0300: completed
----------
2016-03-11 16:00:04 +0300: starting 'Results'
1. Bundesliga 2015/16: 0 (0)
Premier League 2015/16: 0 (0)
Primera Division 2015/16: 0 (0)
Serie A 2015/16: 0 (0)
2016-03-11 16:00:05 +0300: completed
----------
2016-03-11 16:30:04 +0300: starting 'Results'
1. Bundesliga 2015/16: 0 (0)
Premier League 2015/16: 0 (0)
Primera Division 2015/16: 0 (0)
Serie A 2015/16: 0 (0)
2016-03-11 16:30:05 +0300: completed
----------
2016-03-11 17:00:04 +0300: starting 'Results'
1. Bundesliga 2015/16: 0 (0)
Premier League 2015/16: 0 (0)
Primera Division 2015/16: 0 (0)
Serie A 2015/16: 0 (0)
2016-03-11 17:00:06 +0300: completed
----------
2016-03-11 17:30:06 +0300: starting 'Results'
1. Bundesliga 2015/16: 0 (0)
Premier League 2015/16: 0 (0)
Primera Division 2015/16: 0 (0)
Serie A 2015/16: 0 (0)
2016-03-11 17:30:07 +0300: completed
----------
2016-03-14 01:30:04 +0300: starting 'Results'
1. Bundesliga 2015/16: 7 (7)
Premier League 2015/16: 3 (3)
Primera Division 2015/16: 4 (0)
Serie A 2015/16: 3 (0)
2016-03-14 01:30:14 +0300: completed
----------
2016-03-14 02:00:04 +0300: starting 'Results'
1. Bundesliga 2015/16: 0 (0)
Premier League 2015/16: 0 (0)
Primera Division 2015/16: 0 (0)
Serie A 2015/16: 0 (0)
2016-03-14 02:00:06 +0300: completed
----------
2016-03-14 02:30:04 +0300: starting 'Results'
1. Bundesliga 2015/16: 2 (2)
Premier League 2015/16: 1 (1)
Primera Division 2015/16: 4 (0)
Serie A 2015/16: 7 (0)
2016-03-14 02:30:06 +0300: completed
----------
2016-03-14 03:00:04 +0300: starting 'Results'
1. Bundesliga 2015/16: 0 (0)
Premier League 2015/16: 0 (0)
Primera Division 2015/16: 0 (0)
Serie A 2015/16: 0 (0)
2016-03-14 03:00:05 +0300: completed
----------
2016-03-14 03:30:06 +0300: starting 'Results'
1. Bundesliga 2015/16: 0 (0)
Premier League 2015/16: 0 (0)
Primera Division 2015/16: 0 (0)
Serie A 2015/16: 0 (0)
2016-03-14 03:30:07 +0300: completed
----------
2016-03-14 04:00:05 +0300: starting 'Results'
1. Bundesliga 2015/16: 0 (0)
Premier League 2015/16: 0 (0)
Primera Division 2015/16: 0 (0)
Serie A 2015/16: 0 (0)
2016-03-14 04:00:06 +0300: completed
----------
2016-03-14 04:30:04 +0300: starting 'Results'
1. Bundesliga 2015/16: 0 (0)
Premier League 2015/16: 0 (0)
Primera Division 2015/16: 0 (0)
Serie A 2015/16: 0 (0)
2016-03-14 04:30:06 +0300: completed
----------
2016-03-14 05:00:04 +0300: starting 'Results'
1. Bundesliga 2015/16: 0 (0)
Premier League 2015/16: 0 (0)
Primera Division 2015/16: 0 (0)
Serie A 2015/16: 0 (0)
2016-03-14 05:00:06 +0300: completed
----------
2016-03-14 05:30:03 +0300: starting 'Results'
1. Bundesliga 2015/16: 0 (0)
Premier League 2015/16: 0 (0)
Primera Division 2015/16: 0 (0)
Serie A 2015/16: 0 (0)
2016-03-14 05:30:06 +0300: completed
----------
2016-03-14 12:00:04 +0300: starting 'Results'
1. Bundesliga 2015/16: 0 (0)
Premier League 2015/16: 0 (0)
Primera Division 2015/16: 1 (0)
Serie A 2015/16: 0 (0)
2016-03-14 12:00:05 +0300: completed
----------
2016-03-14 12:30:05 +0300: starting 'Results'
1. Bundesliga 2015/16: 0 (0)
Premier League 2015/16: 0 (0)
Primera Division 2015/16: 0 (0)
Serie A 2015/16: 0 (0)
2016-03-14 12:30:06 +0300: completed
----------
2016-03-14 13:00:05 +0300: starting 'Results'
1. Bundesliga 2015/16: 0 (0)
Premier League 2015/16: 0 (0)
Primera Division 2015/16: 0 (0)
Serie A 2015/16: 0 (0)
2016-03-14 13:00:06 +0300: completed
----------
2016-03-14 13:30:04 +0300: starting 'Results'
1. Bundesliga 2015/16: 0 (0)
Premier League 2015/16: 0 (0)
Primera Division 2015/16: 0 (0)
Serie A 2015/16: 0 (0)
2016-03-14 13:30:05 +0300: completed
----------
2016-03-14 14:00:04 +0300: starting 'Results'
1. Bundesliga 2015/16: 0 (0)
Premier League 2015/16: 0 (0)
Primera Division 2015/16: 0 (0)
Serie A 2015/16: 0 (0)
2016-03-14 14:00:05 +0300: completed
----------
2016-03-14 15:30:05 +0300: starting 'Results'
1. Bundesliga 2015/16: 0 (0)
Premier League 2015/16: 0 (0)
Primera Division 2015/16: 0 (0)
Serie A 2015/16: 0 (0)
2016-03-14 15:30:07 +0300: completed
----------
2016-03-14 16:00:04 +0300: starting 'Results'
1. Bundesliga 2015/16: 0 (0)
Premier League 2015/16: 0 (0)
Primera Division 2015/16: 0 (0)
Serie A 2015/16: 0 (0)
2016-03-14 16:00:05 +0300: completed
----------
2016-03-14 16:30:04 +0300: starting 'Results'
1. Bundesliga 2015/16: 0 (0)
Premier League 2015/16: 0 (0)
Primera Division 2015/16: 0 (0)
Serie A 2015/16: 0 (0)
2016-03-14 16:30:07 +0300: completed
----------
2016-03-14 17:00:04 +0300: starting 'Results'
1. Bundesliga 2015/16: 0 (0)
Premier League 2015/16: 0 (0)
Primera Division 2015/16: 0 (0)
Serie A 2015/16: 0 (0)
2016-03-14 17:00:06 +0300: completed
----------
2016-03-14 17:30:04 +0300: starting 'Results'
1. Bundesliga 2015/16: 0 (0)
Premier League 2015/16: 0 (0)
Primera Division 2015/16: 0 (0)
Serie A 2015/16: 0 (0)
2016-03-14 17:30:05 +0300: completed
----------
2016-03-14 18:00:04 +0300: starting 'Results'
1. Bundesliga 2015/16: 0 (0)
Premier League 2015/16: 0 (0)
Primera Division 2015/16: 0 (0)
Serie A 2015/16: 0 (0)
2016-03-14 18:00:06 +0300: completed
----------
2016-03-14 18:30:04 +0300: starting 'Results'
1. Bundesliga 2015/16: 0 (0)
Premier League 2015/16: 0 (0)
Primera Division 2015/16: 0 (0)
Serie A 2015/16: 0 (0)
2016-03-14 18:30:06 +0300: completed
----------
2016-03-14 19:00:05 +0300: starting 'Results'
1. Bundesliga 2015/16: 0 (0)
Premier League 2015/16: 0 (0)
Primera Division 2015/16: 0 (0)
Serie A 2015/16: 0 (0)
2016-03-14 19:00:06 +0300: completed
----------
2016-03-14 19:30:04 +0300: starting 'Results'
1. Bundesliga 2015/16: 0 (0)
Premier League 2015/16: 0 (0)
Primera Division 2015/16: 0 (0)
Serie A 2015/16: 0 (0)
2016-03-14 19:30:05 +0300: completed
----------
2016-03-14 20:00:05 +0300: starting 'Results'
1. Bundesliga 2015/16: 0 (0)
Premier League 2015/16: 0 (0)
Primera Division 2015/16: 0 (0)
Serie A 2015/16: 0 (0)
2016-03-14 20:00:06 +0300: completed
----------
2016-03-14 20:30:04 +0300: starting 'Results'
1. Bundesliga 2015/16: 0 (0)
Premier League 2015/16: 0 (0)
Primera Division 2015/16: 0 (0)
Serie A 2015/16: 0 (0)
2016-03-14 20:30:05 +0300: completed
----------
2016-03-14 21:00:05 +0300: starting 'Results'
1. Bundesliga 2015/16: 0 (0)
Premier League 2015/16: 0 (0)
Primera Division 2015/16: 0 (0)
Serie A 2015/16: 0 (0)
2016-03-14 21:00:06 +0300: completed
----------
2016-03-14 21:30:04 +0300: starting 'Results'
1. Bundesliga 2015/16: 0 (0)
Premier League 2015/16: 0 (0)
Primera Division 2015/16: 0 (0)
Serie A 2015/16: 0 (0)
2016-03-14 21:30:06 +0300: completed
----------
2016-03-14 22:00:05 +0300: starting 'Results'
1. Bundesliga 2015/16: 0 (0)
Premier League 2015/16: 0 (0)
Primera Division 2015/16: 0 (0)
Serie A 2015/16: 0 (0)
2016-03-14 22:00:06 +0300: completed
----------
2016-03-14 22:30:06 +0300: starting 'Results'
1. Bundesliga 2015/16: 0 (0)
Premier League 2015/16: 0 (0)
Primera Division 2015/16: 0 (0)
Serie A 2015/16: 0 (0)
2016-03-14 22:30:07 +0300: completed
----------
2016-03-14 23:00:04 +0300: starting 'Results'
1. Bundesliga 2015/16: 0 (0)
Premier League 2015/16: 0 (0)
Primera Division 2015/16: 0 (0)
Serie A 2015/16: 0 (0)
2016-03-14 23:00:05 +0300: completed
----------
2016-03-14 23:30:04 +0300: starting 'Results'
1. Bundesliga 2015/16: 0 (0)
Premier League 2015/16: 0 (0)
Primera Division 2015/16: 0 (0)
Serie A 2015/16: 0 (0)
2016-03-14 23:30:06 +0300: completed
----------
2016-03-15 00:00:05 +0300: starting 'Results'
1. Bundesliga 2015/16: 0 (0)
Premier League 2015/16: 0 (0)
Primera Division 2015/16: 0 (0)
Serie A 2015/16: 0 (0)
2016-03-15 00:00:07 +0300: completed
----------
[write] crontab file updated
