2016-03-07 00:30:04 +0300: starting 'Results'
1. Bundesliga 2015/16: 0 (0)
Premier League 2015/16: 0 (0)
Primera Division 2015/16: 0 (0)
Serie A 2015/16: 0 (0)
2016-03-07 00:30:05 +0300: completed
----------
2016-03-08 00:30:04 +0300: starting 'Results'
1. Bundesliga 2015/16: 2 (0)
Premier League 2015/16: 2 (0)
Primera Division 2015/16: 5 (0)
Serie A 2015/16: 7 (0)
2016-03-08 00:30:06 +0300: completed
----------
2016-03-09 14:30:04 +0300: starting 'Results'
1. Bundesliga 2015/16: 0 (0)
Premier League 2015/16: 0 (0)
Primera Division 2015/16: 1 (0)
Serie A 2015/16: 0 (0)
2016-03-09 14:30:06 +0300: completed
----------
2016-03-09 20:00:04 +0300: starting 'Results'
1. Bundesliga 2015/16: 0 (0)
Premier League 2015/16: 0 (0)
Primera Division 2015/16: 0 (0)
Serie A 2015/16: 0 (0)
2016-03-09 20:00:07 +0300: completed
----------
2016-03-09 20:30:04 +0300: starting 'Results'
1. Bundesliga 2015/16: 0 (0)
Premier League 2015/16: 0 (0)
Primera Division 2015/16: 0 (0)
Serie A 2015/16: 0 (0)
2016-03-09 20:30:05 +0300: completed
----------
2016-03-09 21:00:06 +0300: starting 'Results'
1. Bundesliga 2015/16: 0 (0)
Premier League 2015/16: 0 (0)
Primera Division 2015/16: 0 (0)
Serie A 2015/16: 0 (0)
2016-03-09 21:01:41 +0300: completed
----------
2016-03-09 22:30:03 +0300: starting 'Results'
1. Bundesliga 2015/16: 0 (0)
Premier League 2015/16: 0 (0)
Primera Division 2015/16: 0 (0)
Serie A 2015/16: 0 (0)
2016-03-09 22:30:05 +0300: completed
----------
2016-03-10 07:30:05 +0300: starting 'Results'
1. Bundesliga 2015/16: 0 (0)
Premier League 2015/16: 0 (0)
Primera Division 2015/16: 0 (0)
Serie A 2015/16: 0 (0)
2016-03-10 07:30:09 +0300: completed
----------
2016-03-10 08:00:03 +0300: starting 'Results'
1. Bundesliga 2015/16: 0 (0)
Premier League 2015/16: 0 (0)
Primera Division 2015/16: 0 (0)
Serie A 2015/16: 0 (0)
2016-03-10 08:00:04 +0300: completed
----------
2016-03-10 08:30:03 +0300: starting 'Results'
1. Bundesliga 2015/16: 0 (0)
Premier League 2015/16: 0 (0)
Primera Division 2015/16: 0 (0)
Serie A 2015/16: 0 (0)
2016-03-10 08:30:05 +0300: completed
----------
2016-03-10 09:00:04 +0300: starting 'Results'
1. Bundesliga 2015/16: 0 (0)
Premier League 2015/16: 0 (0)
Primera Division 2015/16: 0 (0)
Serie A 2015/16: 0 (0)
2016-03-10 09:00:05 +0300: completed
----------
2016-03-10 09:30:03 +0300: starting 'Results'
1. Bundesliga 2015/16: 0 (0)
Premier League 2015/16: 0 (0)
Primera Division 2015/16: 0 (0)
Serie A 2015/16: 0 (0)
2016-03-10 09:30:04 +0300: completed
----------
2016-03-10 10:00:04 +0300: starting 'Results'
1. Bundesliga 2015/16: 0 (0)
Premier League 2015/16: 0 (0)
Primera Division 2015/16: 0 (0)
Serie A 2015/16: 0 (0)
2016-03-10 10:00:06 +0300: completed
----------
2016-03-10 10:30:03 +0300: starting 'Results'
1. Bundesliga 2015/16: 0 (0)
Premier League 2015/16: 0 (0)
Primera Division 2015/16: 0 (0)
Serie A 2015/16: 0 (0)
2016-03-10 10:30:05 +0300: completed
----------
2016-03-10 11:00:04 +0300: starting 'Results'
1. Bundesliga 2015/16: 0 (0)
Premier League 2015/16: 0 (0)
Primera Division 2015/16: 0 (0)
Serie A 2015/16: 0 (0)
2016-03-10 11:00:06 +0300: completed
----------
2016-03-10 11:15:03 +0300: starting 'Scheduled games'
1. Bundesliga 2015/16: 0
Premier League 2015/16: 0
Primera Division 2015/16: 0
Serie A 2015/16: 0
2016-03-10 11:15:04 +0300: completed
----------
2016-03-10 11:30:04 +0300: starting 'Results'
1. Bundesliga 2015/16: 0 (0)
Premier League 2015/16: 0 (0)
Primera Division 2015/16: 0 (0)
Serie A 2015/16: 0 (0)
2016-03-10 11:30:05 +0300: completed
----------
2016-03-10 12:30:04 +0300: starting 'Results'
1. Bundesliga 2015/16: 0 (0)
Premier League 2015/16: 0 (0)
Primera Division 2015/16: 0 (0)
Serie A 2015/16: 0 (0)
2016-03-10 12:30:06 +0300: completed
----------
